<?xml version="1.0" encoding="UTF-8" ?>
<testsuite errors="0" failures="0" hostname="303-24" name="com.george.CalculatorTest" tests="8" time="0.04" timestamp="2016-05-09T11:15:48">
  <properties>
[...]
</properties>
  <testcase classname="com.george.CalculatorTest" name="testSquareRoot" time="0.001" />
  <testcase classname="com.george.CalculatorTest" name="testSubstract" time="0.0" />
  <testcase classname="com.george.CalculatorTest" name="testMultiply" time="0.0" />
  <testcase classname="com.george.CalculatorTest" name="testDivide" time="0.0" />
  <testcase classname="com.george.CalculatorTest" name="testSquare" time="0.0" />
  <testcase classname="com.george.CalculatorTest" name="testClear" time="0.0" />
  <testcase classname="com.george.CalculatorTest" name="testGetResult" time="0.0" />
  <testcase classname="com.george.CalculatorTest" name="testAdd" time="0.0" />
  <system-out><![CDATA[]]></system-out>
  <system-err><![CDATA[]]></system-err>
</testsuite>
